<?xml version="1.0" encoding="UTF-8"?>
<testng-results ignored="0" total="1" passed="1" failed="0" skipped="0">
  <reporter-output>
  </reporter-output>
  <suite started-at="2023-02-11T16:05:30 IST" name="Default suite" finished-at="2023-02-11T16:06:55 IST" duration-ms="84794">
    <groups>
    </groups>
    <test started-at="2023-02-11T16:05:30 IST" name="Default test" finished-at="2023-02-11T16:06:55 IST" duration-ms="84794">
      <class name="com.ig.TestLayer.LoginPageTest">
        <test-method is-config="true" signature="setUp()[pri:0, instance:com.ig.TestLayer.LoginPageTest@48ae9b55]" started-at="2023-02-11T16:05:30 IST" name="setUp" finished-at="2023-02-11T16:06:45 IST" duration-ms="74869" status="PASS">
          <reporter-output>
          </reporter-output>
        </test-method> <!-- setUp -->
        <test-method signature="verifyLoginPage()[pri:0, instance:com.ig.TestLayer.LoginPageTest@48ae9b55]" started-at="2023-02-11T16:06:45 IST" name="verifyLoginPage" finished-at="2023-02-11T16:06:51 IST" duration-ms="6302" status="PASS">
          <reporter-output>
          </reporter-output>
        </test-method> <!-- verifyLoginPage -->
        <test-method is-config="true" signature="tearDown()[pri:0, instance:com.ig.TestLayer.LoginPageTest@48ae9b55]" started-at="2023-02-11T16:06:51 IST" name="tearDown" finished-at="2023-02-11T16:06:55 IST" duration-ms="3502" status="PASS">
          <reporter-output>
          </reporter-output>
        </test-method> <!-- tearDown -->
      </class> <!-- com.ig.TestLayer.LoginPageTest -->
    </test> <!-- Default test -->
  </suite> <!-- Default suite -->
</testng-results>
